<?xml version="1.0" encoding="UTF-8"?>
<coverage generated="1741196682943" clover="3.2.0">
  <project timestamp="1741196682943" name="All files">
    <metrics statements="20" coveredstatements="20" conditionals="2" coveredconditionals="2" methods="13" coveredmethods="13" elements="35" coveredelements="35" complexity="0" loc="20" ncloc="20" packages="1" files="4" classes="4"/>
    <file name="asyncTesting.js" path="/Users/gediminas/Desktop/Mokymu-medziaga/11-js-jest/1-paskaita/asyncTesting.js">
      <metrics statements="3" coveredstatements="3" conditionals="0" coveredconditionals="0" methods="3" coveredmethods="3"/>
      <line num="2" count="1" type="stmt"/>
      <line num="3" count="1" type="stmt"/>
      <line num="7" count="1" type="stmt"/>
    </file>
    <file name="examplesTesting.js" path="/Users/gediminas/Desktop/Mokymu-medziaga/11-js-jest/1-paskaita/examplesTesting.js">
      <metrics statements="10" coveredstatements="10" conditionals="2" coveredconditionals="2" methods="5" coveredmethods="5"/>
      <line num="1" count="1" type="stmt"/>
      <line num="4" count="2" type="stmt"/>
      <line num="8" count="2" type="stmt"/>
      <line num="9" count="2" type="stmt"/>
      <line num="10" count="2" type="cond" truecount="2" falsecount="0"/>
      <line num="11" count="1" type="stmt"/>
      <line num="13" count="2" type="stmt"/>
      <line num="18" count="1" type="stmt"/>
      <line num="19" count="1" type="stmt"/>
      <line num="22" count="1" type="stmt"/>
    </file>
    <file name="functionTesting.js" path="/Users/gediminas/Desktop/Mokymu-medziaga/11-js-jest/1-paskaita/functionTesting.js">
      <metrics statements="4" coveredstatements="4" conditionals="0" coveredconditionals="0" methods="3" coveredmethods="3"/>
      <line num="2" count="2" type="stmt"/>
      <line num="6" count="1" type="stmt"/>
      <line num="10" count="1" type="stmt"/>
      <line num="13" count="1" type="stmt"/>
    </file>
    <file name="objectTesting.js" path="/Users/gediminas/Desktop/Mokymu-medziaga/11-js-jest/1-paskaita/objectTesting.js">
      <metrics statements="3" coveredstatements="3" conditionals="0" coveredconditionals="0" methods="2" coveredmethods="2"/>
      <line num="2" count="1" type="stmt"/>
      <line num="8" count="1" type="stmt"/>
      <line num="19" count="1" type="stmt"/>
    </file>
  </project>
</coverage>
