{"/Users/gediminas/Desktop/Mokymu-medziaga/11-js-jest/1-paskaita/asyncTesting.js": {"path":"/Users/gediminas/Desktop/Mokymu-medziaga/11-js-jest/1-paskaita/asyncTesting.js","statementMap":{"0":{"start":{"line":2,"column":2},"end":{"line":4,"column":5}},"1":{"start":{"line":3,"column":4},"end":{"line":3,"column":50}},"2":{"start":{"line":3,"column":21},"end":{"line":3,"column":42}},"3":{"start":{"line":7,"column":0},"end":{"line":7,"column":26}}},"fnMap":{"0":{"name":"fetchData","decl":{"start":{"line":1,"column":9},"end":{"line":1,"column":18}},"loc":{"start":{"line":1,"column":21},"end":{"line":5,"column":1}},"line":1},"1":{"name":"(anonymous_1)","decl":{"start":{"line":2,"column":21},"end":{"line":2,"column":22}},"loc":{"start":{"line":2,"column":34},"end":{"line":4,"column":3}},"line":2},"2":{"name":"(anonymous_2)","decl":{"start":{"line":3,"column":15},"end":{"line":3,"column":16}},"loc":{"start":{"line":3,"column":21},"end":{"line":3,"column":42}},"line":3}},"branchMap":{},"s":{"0":1,"1":1,"2":1,"3":1},"f":{"0":1,"1":1,"2":1},"b":{},"_coverageSchema":"1a1c01bbd47fc00a2c39e90264f33305004495a9","hash":"b395d636208507e067999a9c4786d72f9eeebee0"}
,"/Users/gediminas/Desktop/Mokymu-medziaga/11-js-jest/1-paskaita/examplesTesting.js": {"path":"/Users/gediminas/Desktop/Mokymu-medziaga/11-js-jest/1-paskaita/examplesTesting.js","statementMap":{"0":{"start":{"line":1,"column":24},"end":{"line":1,"column":53}},"1":{"start":{"line":4,"column":2},"end":{"line":4,"column":39}},"2":{"start":{"line":8,"column":2},"end":{"line":15,"column":5}},"3":{"start":{"line":9,"column":4},"end":{"line":14,"column":16}},"4":{"start":{"line":10,"column":6},"end":{"line":12,"column":7}},"5":{"start":{"line":11,"column":8},"end":{"line":11,"column":32}},"6":{"start":{"line":13,"column":6},"end":{"line":13,"column":27}},"7":{"start":{"line":18,"column":26},"end":{"line":20,"column":1}},"8":{"start":{"line":19,"column":2},"end":{"line":19,"column":50}},"9":{"start":{"line":22,"column":0},"end":{"line":22,"column":75}}},"fnMap":{"0":{"name":"duokMasyva","decl":{"start":{"line":3,"column":9},"end":{"line":3,"column":19}},"loc":{"start":{"line":3,"column":22},"end":{"line":5,"column":1}},"line":3},"1":{"name":"fakeAPI","decl":{"start":{"line":7,"column":15},"end":{"line":7,"column":22}},"loc":{"start":{"line":7,"column":32},"end":{"line":16,"column":1}},"line":7},"2":{"name":"(anonymous_2)","decl":{"start":{"line":8,"column":21},"end":{"line":8,"column":22}},"loc":{"start":{"line":8,"column":42},"end":{"line":15,"column":3}},"line":8},"3":{"name":"(anonymous_3)","decl":{"start":{"line":9,"column":15},"end":{"line":9,"column":16}},"loc":{"start":{"line":9,"column":21},"end":{"line":14,"column":5}},"line":9},"4":{"name":"(anonymous_4)","decl":{"start":{"line":18,"column":26},"end":{"line":18,"column":27}},"loc":{"start":{"line":18,"column":38},"end":{"line":20,"column":1}},"line":18}},"branchMap":{"0":{"loc":{"start":{"line":10,"column":6},"end":{"line":12,"column":7}},"type":"if","locations":[{"start":{"line":10,"column":6},"end":{"line":12,"column":7}},{"start":{},"end":{}}],"line":10}},"s":{"0":1,"1":2,"2":2,"3":2,"4":2,"5":1,"6":2,"7":1,"8":1,"9":1},"f":{"0":2,"1":2,"2":2,"3":2,"4":1},"b":{"0":[1,1]},"_coverageSchema":"1a1c01bbd47fc00a2c39e90264f33305004495a9","hash":"11660baf47baf248fc3ac027782817bae7d54a6d"}
,"/Users/gediminas/Desktop/Mokymu-medziaga/11-js-jest/1-paskaita/functionTesting.js": {"path":"/Users/gediminas/Desktop/Mokymu-medziaga/11-js-jest/1-paskaita/functionTesting.js","statementMap":{"0":{"start":{"line":2,"column":2},"end":{"line":2,"column":15}},"1":{"start":{"line":6,"column":2},"end":{"line":6,"column":15}},"2":{"start":{"line":10,"column":4},"end":{"line":10,"column":17}},"3":{"start":{"line":13,"column":0},"end":{"line":13,"column":41}}},"fnMap":{"0":{"name":"suma","decl":{"start":{"line":1,"column":9},"end":{"line":1,"column":13}},"loc":{"start":{"line":1,"column":20},"end":{"line":3,"column":1}},"line":1},"1":{"name":"atimti","decl":{"start":{"line":5,"column":9},"end":{"line":5,"column":15}},"loc":{"start":{"line":5,"column":22},"end":{"line":7,"column":1}},"line":5},"2":{"name":"daugyba","decl":{"start":{"line":9,"column":9},"end":{"line":9,"column":16}},"loc":{"start":{"line":9,"column":23},"end":{"line":11,"column":3}},"line":9}},"branchMap":{},"s":{"0":2,"1":1,"2":1,"3":1},"f":{"0":2,"1":1,"2":1},"b":{},"_coverageSchema":"1a1c01bbd47fc00a2c39e90264f33305004495a9","hash":"0ffce7ec979a51d5c48c9fe33e6145e4ada1ebca"}
,"/Users/gediminas/Desktop/Mokymu-medziaga/11-js-jest/1-paskaita/objectTesting.js": {"path":"/Users/gediminas/Desktop/Mokymu-medziaga/11-js-jest/1-paskaita/objectTesting.js","statementMap":{"0":{"start":{"line":2,"column":2},"end":{"line":4,"column":4}},"1":{"start":{"line":8,"column":2},"end":{"line":11,"column":4}},"2":{"start":{"line":19,"column":0},"end":{"line":19,"column":42}}},"fnMap":{"0":{"name":"getName","decl":{"start":{"line":1,"column":9},"end":{"line":1,"column":16}},"loc":{"start":{"line":1,"column":19},"end":{"line":5,"column":1}},"line":1},"1":{"name":"getNameAndAge","decl":{"start":{"line":7,"column":9},"end":{"line":7,"column":22}},"loc":{"start":{"line":7,"column":34},"end":{"line":12,"column":1}},"line":7}},"branchMap":{},"s":{"0":1,"1":1,"2":1},"f":{"0":1,"1":1},"b":{},"_coverageSchema":"1a1c01bbd47fc00a2c39e90264f33305004495a9","hash":"3bca79f5d9ba21185c46ef1bfb25aa9527648036"}
}
